Determining if the pthread_create exist failed with the following output:
Change Dir: /home/nvidia/catkin_ws/build/CMakeFiles/CMakeTmp

Run Build Command(s):/usr/bin/make cmTC_3f97d/fast 
/usr/bin/make -f CMakeFiles/cmTC_3f97d.dir/build.make CMakeFiles/cmTC_3f97d.dir/build
make[1]: Entering directory '/home/nvidia/catkin_ws/build/CMakeFiles/CMakeTmp'
Building C object CMakeFiles/cmTC_3f97d.dir/CheckSymbolExists.c.o
/usr/bin/cc    -o CMakeFiles/cmTC_3f97d.dir/CheckSymbolExists.c.o   -c /home/nvidia/catkin_ws/build/CMakeFiles/CMakeTmp/CheckSymbolExists.c
Linking C executable cmTC_3f97d
/usr/local/bin/cmake -E cmake_link_script CMakeFiles/cmTC_3f97d.dir/link.txt --verbose=1
/usr/bin/cc      -rdynamic CMakeFiles/cmTC_3f97d.dir/CheckSymbolExists.c.o  -o cmTC_3f97d 
CMakeFiles/cmTC_3f97d.dir/CheckSymbolExists.c.o: In function `main':
CheckSymbolExists.c:(.text+0x14): undefined reference to `pthread_create'
CheckSymbolExists.c:(.text+0x18): undefined reference to `pthread_create'
collect2: error: ld returned 1 exit status
CMakeFiles/cmTC_3f97d.dir/build.make:86: recipe for target 'cmTC_3f97d' failed
make[1]: *** [cmTC_3f97d] Error 1
make[1]: Leaving directory '/home/nvidia/catkin_ws/build/CMakeFiles/CMakeTmp'
Makefile:121: recipe for target 'cmTC_3f97d/fast' failed
make: *** [cmTC_3f97d/fast] Error 2

File /home/nvidia/catkin_ws/build/CMakeFiles/CMakeTmp/CheckSymbolExists.c:
/* */
#include <pthread.h>

int main(int argc, char** argv)
{
  (void)argv;
#ifndef pthread_create
  return ((int*)(&pthread_create))[argc];
#else
  (void)argc;
  return 0;
#endif
}

Determining if the function pthread_create exists in the pthreads failed with the following output:
Change Dir: /home/nvidia/catkin_ws/build/CMakeFiles/CMakeTmp

Run Build Command(s):/usr/bin/make cmTC_9266a/fast 
/usr/bin/make -f CMakeFiles/cmTC_9266a.dir/build.make CMakeFiles/cmTC_9266a.dir/build
make[1]: Entering directory '/home/nvidia/catkin_ws/build/CMakeFiles/CMakeTmp'
Building C object CMakeFiles/cmTC_9266a.dir/CheckFunctionExists.c.o
/usr/bin/cc   -DCHECK_FUNCTION_EXISTS=pthread_create   -o CMakeFiles/cmTC_9266a.dir/CheckFunctionExists.c.o   -c /usr/local/share/cmake-3.14/Modules/CheckFunctionExists.c
Linking C executable cmTC_9266a
/usr/local/bin/cmake -E cmake_link_script CMakeFiles/cmTC_9266a.dir/link.txt --verbose=1
/usr/bin/cc  -DCHECK_FUNCTION_EXISTS=pthread_create    -rdynamic CMakeFiles/cmTC_9266a.dir/CheckFunctionExists.c.o  -o cmTC_9266a -lpthreads 
/usr/bin/ld: cannot find -lpthreads
collect2: error: ld returned 1 exit status
CMakeFiles/cmTC_9266a.dir/build.make:86: recipe for target 'cmTC_9266a' failed
make[1]: *** [cmTC_9266a] Error 1
make[1]: Leaving directory '/home/nvidia/catkin_ws/build/CMakeFiles/CMakeTmp'
Makefile:121: recipe for target 'cmTC_9266a/fast' failed
make: *** [cmTC_9266a/fast] Error 2


